<?xml version="1.0" encoding="utf-8"?>
<ScrollView xmlns:android="http://schemas.android.com/apk/res/android"
    android:layout_width="fill_parent"
    android:layout_height="fill_parent"
    android:orientation="vertical" >
    
	
	<LinearLayout
        android:layout_width="fill_parent"
        android:layout_height="wrap_content"
        android:orientation="vertical"
        android:background="#FFF"
        >       
		
        <TextView
            android:id="@+id/pagedesc"
            android:layout_width="fill_parent"
            android:layout_height="wrap_content"
            android:background="#498AF3"
            android:gravity="center"
            android:text="Your test reults."
            android:textColor="#FFF"
            android:padding="20dp"
            android:textSize="30px" />
        
        <ImageView
        android:id="@+id/imgp"
        android:layout_width="fill_parent"
        android:layout_height="200dp"
        android:visibility="visible"
        android:layout_marginTop="15dp"/>
        
       
    
	    <LinearLayout
	        android:layout_width="fill_parent"
	        android:layout_height="wrap_content"
	        android:orientation="vertical"
	        android:paddingLeft="10dp"
	        android:id="@+id/dmain"
	        android:paddingRight="10dp" >
			
	        
		</LinearLayout>
	</LinearLayout>
</ScrollView>
	